0 info it worked if it ends with ok
1 verbose cli [ '/usr/local/bin/node',
1 verbose cli   '/usr/local/bin/npm',
1 verbose cli   'install',
1 verbose cli   '-g',
1 verbose cli   'mongo-hacker' ]
2 info using npm@3.10.10
3 info using node@v6.9.4
4 silly loadCurrentTree Starting
5 silly install loadCurrentTree
6 silly install readGlobalPackageData
7 silly fetchPackageMetaData mongo-hacker
8 silly fetchNamedPackageData mongo-hacker
9 silly mapToRegistry name mongo-hacker
10 silly mapToRegistry using default registry
11 silly mapToRegistry registry https://registry.npmjs.org/
12 silly mapToRegistry data Result {
12 silly mapToRegistry   raw: 'mongo-hacker',
12 silly mapToRegistry   scope: null,
12 silly mapToRegistry   escapedName: 'mongo-hacker',
12 silly mapToRegistry   name: 'mongo-hacker',
12 silly mapToRegistry   rawSpec: '',
12 silly mapToRegistry   spec: 'latest',
12 silly mapToRegistry   type: 'tag' }
13 silly mapToRegistry uri https://registry.npmjs.org/mongo-hacker
14 verbose request uri https://registry.npmjs.org/mongo-hacker
15 verbose request no auth needed
16 info attempt registry request try #1 at 7:10:14 AM
17 verbose request id 21dd56ab1c5e4323
18 verbose etag W/"581381f8-5b39"
19 verbose lastModified Fri, 28 Oct 2016 16:51:04 GMT
20 http request GET https://registry.npmjs.org/mongo-hacker
21 http 304 https://registry.npmjs.org/mongo-hacker
22 verbose headers { date: 'Thu, 23 Mar 2017 11:10:14 GMT',
22 verbose headers   via: '1.1 varnish',
22 verbose headers   'cache-control': 'max-age=300',
22 verbose headers   etag: 'W/"581381f8-5b39"',
22 verbose headers   age: '27',
22 verbose headers   connection: 'keep-alive',
22 verbose headers   'x-served-by': 'cache-jfk8123-JFK',
22 verbose headers   'x-cache': 'HIT',
22 verbose headers   'x-cache-hits': '1',
22 verbose headers   'x-timer': 'S1490267414.615216,VS0,VE0',
22 verbose headers   vary: 'Accept-Encoding' }
23 silly get cb [ 304,
23 silly get   { date: 'Thu, 23 Mar 2017 11:10:14 GMT',
23 silly get     via: '1.1 varnish',
23 silly get     'cache-control': 'max-age=300',
23 silly get     etag: 'W/"581381f8-5b39"',
23 silly get     age: '27',
23 silly get     connection: 'keep-alive',
23 silly get     'x-served-by': 'cache-jfk8123-JFK',
23 silly get     'x-cache': 'HIT',
23 silly get     'x-cache-hits': '1',
23 silly get     'x-timer': 'S1490267414.615216,VS0,VE0',
23 silly get     vary: 'Accept-Encoding' } ]
24 verbose etag https://registry.npmjs.org/mongo-hacker from cache
25 verbose get saving mongo-hacker to /Users/aleah/.npm/registry.npmjs.org/mongo-hacker/.cache.json
26 verbose correctMkdir /Users/aleah/.npm correctMkdir not in flight; initializing
27 silly install normalizeTree
28 silly loadCurrentTree Finishing
29 silly loadIdealTree Starting
30 silly install loadIdealTree
31 silly cloneCurrentTree Starting
32 silly install cloneCurrentTreeToIdealTree
33 silly cloneCurrentTree Finishing
34 silly loadShrinkwrap Starting
35 silly install loadShrinkwrap
36 silly loadShrinkwrap Finishing
37 silly loadAllDepsIntoIdealTree Starting
38 silly install loadAllDepsIntoIdealTree
39 silly resolveWithNewModule mongo-hacker@0.0.15 checking installable status
40 silly cache add args [ 'mongo-hacker', null ]
41 verbose cache add spec mongo-hacker
42 silly cache add parsed spec Result {
42 silly cache add   raw: 'mongo-hacker',
42 silly cache add   scope: null,
42 silly cache add   escapedName: 'mongo-hacker',
42 silly cache add   name: 'mongo-hacker',
42 silly cache add   rawSpec: '',
42 silly cache add   spec: 'latest',
42 silly cache add   type: 'tag' }
43 silly addNamed mongo-hacker@latest
44 verbose addNamed "latest" is being treated as a dist-tag for mongo-hacker
45 info addNameTag [ 'mongo-hacker', 'latest' ]
46 silly mapToRegistry name mongo-hacker
47 silly mapToRegistry using default registry
48 silly mapToRegistry registry https://registry.npmjs.org/
49 silly mapToRegistry data Result {
49 silly mapToRegistry   raw: 'mongo-hacker',
49 silly mapToRegistry   scope: null,
49 silly mapToRegistry   escapedName: 'mongo-hacker',
49 silly mapToRegistry   name: 'mongo-hacker',
49 silly mapToRegistry   rawSpec: '',
49 silly mapToRegistry   spec: 'latest',
49 silly mapToRegistry   type: 'tag' }
50 silly mapToRegistry uri https://registry.npmjs.org/mongo-hacker
51 verbose addNameTag registry:https://registry.npmjs.org/mongo-hacker not in flight; fetching
52 verbose get https://registry.npmjs.org/mongo-hacker not expired, no request
53 silly addNameTag next cb for mongo-hacker with tag latest
54 silly addNamed mongo-hacker@0.0.15
55 verbose addNamed "0.0.15" is a plain semver version for mongo-hacker
56 silly cache afterAdd mongo-hacker@0.0.15
57 verbose afterAdd /Users/aleah/.npm/mongo-hacker/0.0.15/package/package.json not in flight; writing
58 verbose correctMkdir /Users/aleah/.npm correctMkdir not in flight; initializing
59 verbose afterAdd /Users/aleah/.npm/mongo-hacker/0.0.15/package/package.json written
60 silly loadAllDepsIntoIdealTree Finishing
61 silly loadIdealTree Finishing
62 silly currentTree lib
63 silly idealTree lib
63 silly idealTree └── mongo-hacker@0.0.15
64 silly generateActionsToTake Starting
65 silly install generateActionsToTake
66 silly generateActionsToTake Finishing
67 silly diffTrees action count 1
68 silly diffTrees add mongo-hacker@0.0.15
69 silly decomposeActions action count 8
70 silly decomposeActions fetch mongo-hacker@0.0.15
71 silly decomposeActions extract mongo-hacker@0.0.15
72 silly decomposeActions test mongo-hacker@0.0.15
73 silly decomposeActions preinstall mongo-hacker@0.0.15
74 silly decomposeActions build mongo-hacker@0.0.15
75 silly decomposeActions install mongo-hacker@0.0.15
76 silly decomposeActions postinstall mongo-hacker@0.0.15
77 silly decomposeActions finalize mongo-hacker@0.0.15
78 silly runTopLevelLifecycles Starting
79 silly executeActions Starting
80 silly install executeActions
81 silly doSerial global-install 0
82 silly doParallel fetch 1
83 verbose correctMkdir /Users/aleah/.npm/_locks correctMkdir not in flight; initializing
84 verbose lock using /Users/aleah/.npm/_locks/staging-3a08f0df5026584d.lock for /usr/local/lib/node_modules/.staging
85 silly doParallel extract 1
86 silly extract mongo-hacker@0.0.15
87 verbose unbuild lib/node_modules/.staging/mongo-hacker-2e9869c3
88 silly gentlyRm /usr/local/lib/node_modules/.staging/mongo-hacker-2e9869c3 is being purged from base /usr/local
89 verbose gentlyRm don't care about contents; nuking /usr/local/lib/node_modules/.staging/mongo-hacker-2e9869c3
90 verbose tar unpack /Users/aleah/.npm/mongo-hacker/0.0.15/package.tgz
91 verbose tar unpacking to /usr/local/lib/node_modules/.staging/mongo-hacker-2e9869c3
92 silly gentlyRm /usr/local/lib/node_modules/.staging/mongo-hacker-2e9869c3 is being purged
93 verbose gentlyRm don't care about contents; nuking /usr/local/lib/node_modules/.staging/mongo-hacker-2e9869c3
94 silly gunzTarPerm modes [ '755', '644' ]
95 silly gunzTarPerm extractEntry package.json
96 silly gunzTarPerm extractEntry .npmignore
97 silly gunzTarPerm extractEntry README.md
98 silly gunzTarPerm extractEntry LICENSE
99 silly gunzTarPerm extractEntry base.js
100 silly gunzTarPerm extractEntry config.js
101 silly gunzTarPerm extractEntry Makefile
102 silly gunzTarPerm extractEntry hacks/aggregation.js
103 silly gunzTarPerm extractEntry hacks/count.js
104 silly gunzTarPerm extractEntry hacks/dbref.js
105 silly gunzTarPerm extractEntry hacks/find_and_modify.js
106 silly gunzTarPerm extractEntry hacks/common.js
107 silly gunzTarPerm extractEntry hacks/index_paranoia.js
108 silly gunzTarPerm extractEntry hacks/old_aggregation.js
109 silly gunzTarPerm extractEntry hacks/prompt.js
110 silly gunzTarPerm extractEntry hacks/ps.js
111 silly gunzTarPerm extractEntry hacks/randomise.js
112 silly gunzTarPerm extractEntry hacks/color.js
113 silly gunzTarPerm extractEntry hacks/sh_status.js
114 silly gunzTarPerm extractEntry hacks/cmd_search.js
115 silly gunzTarPerm extractEntry hacks/show.js
116 silly gunzTarPerm extractEntry hacks/auto_complete.js
117 silly gunzTarPerm extractEntry hacks/uuid.js
118 silly gunzTarPerm extractEntry hacks/api.js
119 silly gunzTarPerm extractEntry hacks/verbose.js
120 silly gunzTarPerm extractEntry hacks/helpers.js
121 silly gentlyRm /usr/local/lib/node_modules/.staging/mongo-hacker-2e9869c3/node_modules is being purged
122 verbose gentlyRm don't care about contents; nuking /usr/local/lib/node_modules/.staging/mongo-hacker-2e9869c3/node_modules
123 silly doParallel preinstall 1
124 silly preinstall mongo-hacker@0.0.15 /usr/local/lib/node_modules/.staging/mongo-hacker-2e9869c3
125 info lifecycle mongo-hacker@0.0.15~preinstall: mongo-hacker@0.0.15
126 silly lifecycle mongo-hacker@0.0.15~preinstall: no script for preinstall, continuing
127 silly doReverseSerial remove 0
128 silly doSerial move 0
129 silly doSerial finalize 1
130 silly finalize /usr/local/lib/node_modules/mongo-hacker
131 silly doSerial build 1
132 silly build mongo-hacker@0.0.15
133 info linkStuff mongo-hacker@0.0.15
134 silly linkStuff mongo-hacker@0.0.15 has /usr/local/lib/node_modules as its parent node_modules
135 silly linkStuff mongo-hacker@0.0.15 is part of a global install
136 silly linkStuff mongo-hacker@0.0.15 is installed into a global node_modules
137 silly linkStuff mongo-hacker@0.0.15 is installed into the top-level global node_modules
138 verbose linkBins mongo-hacker@0.0.15
139 verbose linkMans mongo-hacker@0.0.15
140 silly doSerial global-link 0
141 silly doParallel update-linked 0
142 silly doSerial install 1
143 silly install mongo-hacker@0.0.15 /usr/local/lib/node_modules/.staging/mongo-hacker-2e9869c3
144 info lifecycle mongo-hacker@0.0.15~install: mongo-hacker@0.0.15
145 verbose lifecycle mongo-hacker@0.0.15~install: unsafe-perm in lifecycle false
146 verbose lifecycle mongo-hacker@0.0.15~install: PATH: /usr/local/lib/node_modules/npm/bin/node-gyp-bin:/usr/local/lib/node_modules/mongo-hacker/node_modules/.bin:/usr/local/lib/node_modules/.bin:/usr/local/bin:/usr/bin:/bin:/usr/sbin:/sbin
147 verbose lifecycle mongo-hacker@0.0.15~install: CWD: /usr/local/lib/node_modules/mongo-hacker
148 silly lifecycle mongo-hacker@0.0.15~install: Args: [ '-c', 'make install' ]
149 silly lifecycle mongo-hacker@0.0.15~install: Returned: code: 2  signal: null
150 info lifecycle mongo-hacker@0.0.15~install: Failed to exec install script
151 verbose unlock done using /Users/aleah/.npm/_locks/staging-3a08f0df5026584d.lock for /usr/local/lib/node_modules/.staging
152 silly rollbackFailedOptional Starting
153 silly rollbackFailedOptional Finishing
154 silly runTopLevelLifecycles Finishing
155 silly install printInstalled
156 verbose stack Error: mongo-hacker@0.0.15 install: `make install`
156 verbose stack Exit status 2
156 verbose stack     at EventEmitter.<anonymous> (/usr/local/lib/node_modules/npm/lib/utils/lifecycle.js:255:16)
156 verbose stack     at emitTwo (events.js:106:13)
156 verbose stack     at EventEmitter.emit (events.js:191:7)
156 verbose stack     at ChildProcess.<anonymous> (/usr/local/lib/node_modules/npm/lib/utils/spawn.js:40:14)
156 verbose stack     at emitTwo (events.js:106:13)
156 verbose stack     at ChildProcess.emit (events.js:191:7)
156 verbose stack     at maybeClose (internal/child_process.js:877:16)
156 verbose stack     at Process.ChildProcess._handle.onexit (internal/child_process.js:226:5)
157 verbose pkgid mongo-hacker@0.0.15
158 verbose cwd /Users/aleah/portfolio_projects/Nodejs/node_contacts
159 error Darwin 15.6.0
160 error argv "/usr/local/bin/node" "/usr/local/bin/npm" "install" "-g" "mongo-hacker"
161 error node v6.9.4
162 error npm  v3.10.10
163 error code ELIFECYCLE
164 error mongo-hacker@0.0.15 install: `make install`
164 error Exit status 2
165 error Failed at the mongo-hacker@0.0.15 install script 'make install'.
165 error Make sure you have the latest version of node.js and npm installed.
165 error If you do, this is most likely a problem with the mongo-hacker package,
165 error not with npm itself.
165 error Tell the author that this fails on your system:
165 error     make install
165 error You can get information on how to open an issue for this project with:
165 error     npm bugs mongo-hacker
165 error Or if that isn't available, you can get their info via:
165 error     npm owner ls mongo-hacker
165 error There is likely additional logging output above.
166 verbose exit [ 1, true ]
